<?xml version="1.0" encoding="UTF-8"?>
<!-- Generated by org.testng.reporters.JUnitReportReporter -->
<testsuite hostname="HP-5CG1482VRX" failures="0" tests="5" name="pageTest.HomePageTest" time="15.181" errors="0" timestamp="2025-07-07T00:29:35 IST" skipped="4">
  <testcase classname="pageTest.HomePageTest" name="TC005_Verify_successMessageNotDisplay" time="15.181"/>
  <system-out/>
  <testcase classname="pageTest.HomePageTest" name="TC002_verify_homepage_filterUsingInput">
    <skipped/>
  </testcase> <!-- TC002_verify_homepage_filterUsingInput -->
  <system-out/>
  <testcase classname="pageTest.HomePageTest" name="TC003_Verify_clickOnProduct_pdp">
    <skipped/>
  </testcase> <!-- TC003_Verify_clickOnProduct_pdp -->
  <system-out/>
  <testcase classname="pageTest.HomePageTest" name="TC001_verify_homepage_sort">
    <skipped/>
  </testcase> <!-- TC001_verify_homepage_sort -->
  <system-out/>
  <testcase classname="pageTest.HomePageTest" name="TC004_Verify_successMessageDisplay_onShowInterest">
    <skipped/>
  </testcase> <!-- TC004_Verify_successMessageDisplay_onShowInterest -->
  <system-out/>
</testsuite> <!-- pageTest.HomePageTest -->
