<?xml version="1.0" encoding="UTF-8"?>
<!-- Generated by org.testng.reporters.JUnitReportReporter -->
<testsuite hostname="HP-5CG1482VRX" failures="0" tests="6" name="pageTest.AddArtistPageTest" time="16.373" errors="0" timestamp="2025-07-08T23:13:20 IST" skipped="5">
  <testcase classname="pageTest.AddArtistPageTest" name="TC04_Verify_the_entered_data_should_be_removed_from_the_fields_when_user_click_on_the_reset_form_CTA_in_Add_Artist_page" time="16.373"/>
  <system-out/>
  <testcase classname="pageTest.AddArtistPageTest" name="TC05_Verify_New_artist_can_be_added_in_add_artist_page">
    <skipped/>
  </testcase> <!-- TC05_Verify_New_artist_can_be_added_in_add_artist_page -->
  <system-out/>
  <testcase classname="pageTest.AddArtistPageTest" name="TC03_verify_EmailPattren_Field_Validation">
    <skipped/>
  </testcase> <!-- TC03_verify_EmailPattren_Field_Validation -->
  <system-out/>
  <testcase classname="pageTest.AddArtistPageTest" name="TC02_Required_Field_Validation">
    <skipped/>
  </testcase> <!-- TC02_Required_Field_Validation -->
  <system-out/>
  <testcase classname="pageTest.AddArtistPageTest" name="TC01_verify_PhoneNumber_Field_validation">
    <skipped/>
  </testcase> <!-- TC01_verify_PhoneNumber_Field_validation -->
  <system-out/>
  <testcase classname="pageTest.AddArtistPageTest" name="TC004_Verify_Newly_added_Artist_details_are_displayed_in_About_artist_page">
    <skipped/>
  </testcase> <!-- TC004_Verify_Newly_added_Artist_details_are_displayed_in_About_artist_page -->
  <system-out/>
</testsuite> <!-- pageTest.AddArtistPageTest -->
