<?xml version="1.0" encoding="UTF-8"?>
<!-- Generated by org.testng.reporters.JUnitReportReporter -->
<testsuite hostname="HP-5CG1482VRX" failures="0" tests="6" name="pageTest.AddPaintingPageTest" time="23.076" errors="0" timestamp="2025-07-08T23:29:54 IST" skipped="5">
  <testcase classname="pageTest.AddPaintingPageTest" name="TC00011_Verify_entered_data_should_be_removed_from_the_fields_when_the_user_click_on_reset_form_CTA" time="23.076"/>
  <system-out/>
  <testcase classname="pageTest.AddPaintingPageTest" name="TC09_verify_CreationYearField_Validation">
    <skipped/>
  </testcase> <!-- TC09_verify_CreationYearField_Validation -->
  <system-out/>
  <testcase classname="pageTest.AddPaintingPageTest" name="TC00012_Verify_New_paining_can_be_added_from_add_painting_page">
    <skipped/>
  </testcase> <!-- TC00012_Verify_New_paining_can_be_added_from_add_painting_page -->
  <system-out/>
  <testcase classname="pageTest.AddPaintingPageTest" name="TC08_verify_PriceField_Validation">
    <skipped/>
  </testcase> <!-- TC08_verify_PriceField_Validation -->
  <system-out/>
  <testcase classname="pageTest.AddPaintingPageTest" name="TC005_Verify_Newly_added_Painting_is_displayed_in_Home_page">
    <skipped/>
  </testcase> <!-- TC005_Verify_Newly_added_Painting_is_displayed_in_Home_page -->
  <system-out/>
  <testcase classname="pageTest.AddPaintingPageTest" name="TC07_verify_Required_Field_Validation">
    <skipped/>
  </testcase> <!-- TC07_verify_Required_Field_Validation -->
  <system-out/>
</testsuite> <!-- pageTest.AddPaintingPageTest -->
