<?xml version="1.0" encoding="UTF-8"?>
<!-- Generated by org.testng.reporters.JUnitReportReporter -->
<testsuite hostname="HP-5CG1482VRX" failures="0" tests="1" name="pageTest.E2ETest" time="31.179" errors="0" timestamp="2025-07-07T00:29:35 IST" skipped="0">
  <testcase classname="pageTest.E2ETest" name="verify_User_able_add_artist_and_Add_painting_and_see_the_newly_added_painting_in_homepage" time="31.179"/>
  <system-out/>
</testsuite> <!-- pageTest.E2ETest -->
